Performing C SOURCE FILE Test CMAKE_HAVE_LIBC_PTHREAD failed with the following output:
Change Dir: /Users/geerttrooskens/dev/src/runevm_fl/android/build-android-rel-arm64-v8a/CMakeFiles/CMakeTmp

Run Build Command(s):/usr/bin/make -f Makefile cmTC_f784d/fast && /Applications/Xcode.app/Contents/Developer/usr/bin/make  -f CMakeFiles/cmTC_f784d.dir/build.make CMakeFiles/cmTC_f784d.dir/build
Building C object CMakeFiles/cmTC_f784d.dir/src.c.o
/Users/geerttrooskens/dev/android-ndk-r21b/toolchains/llvm/prebuilt/darwin-x86_64/bin/clang --target=aarch64-none-linux-android21 --gcc-toolchain=/Users/geerttrooskens/dev/android-ndk-r21b/toolchains/llvm/prebuilt/darwin-x86_64 --sysroot=/Users/geerttrooskens/dev/android-ndk-r21b/toolchains/llvm/prebuilt/darwin-x86_64/sysroot -DCMAKE_HAVE_LIBC_PTHREAD  -g -DANDROID -fdata-sections -ffunction-sections -funwind-tables -fstack-protector-strong -no-canonical-prefixes -D_FORTIFY_SOURCE=2 -Wformat -Werror=format-security   -fPIE -MD -MT CMakeFiles/cmTC_f784d.dir/src.c.o -MF CMakeFiles/cmTC_f784d.dir/src.c.o.d -o CMakeFiles/cmTC_f784d.dir/src.c.o -c /Users/geerttrooskens/dev/src/runevm_fl/android/build-android-rel-arm64-v8a/CMakeFiles/CMakeTmp/src.c
/Users/geerttrooskens/dev/src/runevm_fl/android/build-android-rel-arm64-v8a/CMakeFiles/CMakeTmp/src.c:13:3: warning: implicit declaration of function 'pthread_cancel' is invalid in C99 [-Wimplicit-function-declaration]
  pthread_cancel(thread);
  ^
1 warning generated.
Linking C executable cmTC_f784d
/usr/local/Cellar/cmake/3.20.1/bin/cmake -E cmake_link_script CMakeFiles/cmTC_f784d.dir/link.txt --verbose=1
/Users/geerttrooskens/dev/android-ndk-r21b/toolchains/llvm/prebuilt/darwin-x86_64/bin/clang --target=aarch64-none-linux-android21 --gcc-toolchain=/Users/geerttrooskens/dev/android-ndk-r21b/toolchains/llvm/prebuilt/darwin-x86_64 --sysroot=/Users/geerttrooskens/dev/android-ndk-r21b/toolchains/llvm/prebuilt/darwin-x86_64/sysroot -g -DANDROID -fdata-sections -ffunction-sections -funwind-tables -fstack-protector-strong -no-canonical-prefixes -D_FORTIFY_SOURCE=2 -Wformat -Werror=format-security   -Wl,--exclude-libs,libgcc.a -Wl,--exclude-libs,libgcc_real.a -Wl,--exclude-libs,libatomic.a -Wl,--build-id -Wl,--fatal-warnings -Wl,--no-undefined -Qunused-arguments -Wl,--gc-sections   CMakeFiles/cmTC_f784d.dir/src.c.o -o cmTC_f784d  -latomic -lm 
CMakeFiles/cmTC_f784d.dir/src.c.o: In function `main':
/Users/geerttrooskens/dev/src/runevm_fl/android/build-android-rel-arm64-v8a/CMakeFiles/CMakeTmp/src.c:(.text.main+0x20): undefined reference to `pthread_cancel'
/Users/geerttrooskens/dev/src/runevm_fl/android/build-android-rel-arm64-v8a/CMakeFiles/CMakeTmp/src.c:(.text.main+0x24): undefined reference to `pthread_cancel'
clang: error: linker command failed with exit code 1 (use -v to see invocation)
make[1]: *** [cmTC_f784d] Error 1
make: *** [cmTC_f784d/fast] Error 2


Source file was:
#include <pthread.h>

static void* test_func(void* data)
{
  return data;
}

int main(void)
{
  pthread_t thread;
  pthread_create(&thread, NULL, test_func, NULL);
  pthread_detach(thread);
  pthread_cancel(thread);
  pthread_join(thread, NULL);
  pthread_atfork(NULL, NULL, NULL);
  pthread_exit(NULL);

  return 0;
}

Determining if the function pthread_create exists in the pthreads failed with the following output:
Change Dir: /Users/geerttrooskens/dev/src/runevm_fl/android/build-android-rel-arm64-v8a/CMakeFiles/CMakeTmp

Run Build Command(s):/usr/bin/make -f Makefile cmTC_7be41/fast && /Applications/Xcode.app/Contents/Developer/usr/bin/make  -f CMakeFiles/cmTC_7be41.dir/build.make CMakeFiles/cmTC_7be41.dir/build
Building C object CMakeFiles/cmTC_7be41.dir/CheckFunctionExists.c.o
/Users/geerttrooskens/dev/android-ndk-r21b/toolchains/llvm/prebuilt/darwin-x86_64/bin/clang --target=aarch64-none-linux-android21 --gcc-toolchain=/Users/geerttrooskens/dev/android-ndk-r21b/toolchains/llvm/prebuilt/darwin-x86_64 --sysroot=/Users/geerttrooskens/dev/android-ndk-r21b/toolchains/llvm/prebuilt/darwin-x86_64/sysroot   -g -DANDROID -fdata-sections -ffunction-sections -funwind-tables -fstack-protector-strong -no-canonical-prefixes -D_FORTIFY_SOURCE=2 -Wformat -Werror=format-security  -DCHECK_FUNCTION_EXISTS=pthread_create -fPIE -MD -MT CMakeFiles/cmTC_7be41.dir/CheckFunctionExists.c.o -MF CMakeFiles/cmTC_7be41.dir/CheckFunctionExists.c.o.d -o CMakeFiles/cmTC_7be41.dir/CheckFunctionExists.c.o -c /usr/local/Cellar/cmake/3.20.1/share/cmake/Modules/CheckFunctionExists.c
/usr/local/Cellar/cmake/3.20.1/share/cmake/Modules/CheckFunctionExists.c:7:3: warning: declaration of built-in function 'pthread_create' requires inclusion of the header <pthread.h> [-Wbuiltin-requires-header]
  CHECK_FUNCTION_EXISTS(void);
  ^
<command line>:3:31: note: expanded from here
#define CHECK_FUNCTION_EXISTS pthread_create
                              ^
1 warning generated.
Linking C executable cmTC_7be41
/usr/local/Cellar/cmake/3.20.1/bin/cmake -E cmake_link_script CMakeFiles/cmTC_7be41.dir/link.txt --verbose=1
/Users/geerttrooskens/dev/android-ndk-r21b/toolchains/llvm/prebuilt/darwin-x86_64/bin/clang --target=aarch64-none-linux-android21 --gcc-toolchain=/Users/geerttrooskens/dev/android-ndk-r21b/toolchains/llvm/prebuilt/darwin-x86_64 --sysroot=/Users/geerttrooskens/dev/android-ndk-r21b/toolchains/llvm/prebuilt/darwin-x86_64/sysroot -g -DANDROID -fdata-sections -ffunction-sections -funwind-tables -fstack-protector-strong -no-canonical-prefixes -D_FORTIFY_SOURCE=2 -Wformat -Werror=format-security  -DCHECK_FUNCTION_EXISTS=pthread_create -Wl,--exclude-libs,libgcc.a -Wl,--exclude-libs,libgcc_real.a -Wl,--exclude-libs,libatomic.a -Wl,--build-id -Wl,--fatal-warnings -Wl,--no-undefined -Qunused-arguments -Wl,--gc-sections   CMakeFiles/cmTC_7be41.dir/CheckFunctionExists.c.o -o cmTC_7be41  -lpthreads -latomic -lm 
/Users/geerttrooskens/dev/android-ndk-r21b/toolchains/llvm/prebuilt/darwin-x86_64/lib/gcc/aarch64-linux-android/4.9.x/../../../../aarch64-linux-android/bin/ld: cannot find -lpthreads
clang: error: linker command failed with exit code 1 (use -v to see invocation)
make[1]: *** [cmTC_7be41] Error 1
make: *** [cmTC_7be41/fast] Error 2



Determining if the function pthread_create exists in the pthread failed with the following output:
Change Dir: /Users/geerttrooskens/dev/src/runevm_fl/android/build-android-rel-arm64-v8a/CMakeFiles/CMakeTmp

Run Build Command(s):/usr/bin/make -f Makefile cmTC_4724b/fast && /Applications/Xcode.app/Contents/Developer/usr/bin/make  -f CMakeFiles/cmTC_4724b.dir/build.make CMakeFiles/cmTC_4724b.dir/build
Building C object CMakeFiles/cmTC_4724b.dir/CheckFunctionExists.c.o
/Users/geerttrooskens/dev/android-ndk-r21b/toolchains/llvm/prebuilt/darwin-x86_64/bin/clang --target=aarch64-none-linux-android21 --gcc-toolchain=/Users/geerttrooskens/dev/android-ndk-r21b/toolchains/llvm/prebuilt/darwin-x86_64 --sysroot=/Users/geerttrooskens/dev/android-ndk-r21b/toolchains/llvm/prebuilt/darwin-x86_64/sysroot   -g -DANDROID -fdata-sections -ffunction-sections -funwind-tables -fstack-protector-strong -no-canonical-prefixes -D_FORTIFY_SOURCE=2 -Wformat -Werror=format-security  -DCHECK_FUNCTION_EXISTS=pthread_create -fPIE -MD -MT CMakeFiles/cmTC_4724b.dir/CheckFunctionExists.c.o -MF CMakeFiles/cmTC_4724b.dir/CheckFunctionExists.c.o.d -o CMakeFiles/cmTC_4724b.dir/CheckFunctionExists.c.o -c /usr/local/Cellar/cmake/3.20.1/share/cmake/Modules/CheckFunctionExists.c
/usr/local/Cellar/cmake/3.20.1/share/cmake/Modules/CheckFunctionExists.c:7:3: warning: declaration of built-in function 'pthread_create' requires inclusion of the header <pthread.h> [-Wbuiltin-requires-header]
  CHECK_FUNCTION_EXISTS(void);
  ^
<command line>:3:31: note: expanded from here
#define CHECK_FUNCTION_EXISTS pthread_create
                              ^
1 warning generated.
Linking C executable cmTC_4724b
/usr/local/Cellar/cmake/3.20.1/bin/cmake -E cmake_link_script CMakeFiles/cmTC_4724b.dir/link.txt --verbose=1
/Users/geerttrooskens/dev/android-ndk-r21b/toolchains/llvm/prebuilt/darwin-x86_64/bin/clang --target=aarch64-none-linux-android21 --gcc-toolchain=/Users/geerttrooskens/dev/android-ndk-r21b/toolchains/llvm/prebuilt/darwin-x86_64 --sysroot=/Users/geerttrooskens/dev/android-ndk-r21b/toolchains/llvm/prebuilt/darwin-x86_64/sysroot -g -DANDROID -fdata-sections -ffunction-sections -funwind-tables -fstack-protector-strong -no-canonical-prefixes -D_FORTIFY_SOURCE=2 -Wformat -Werror=format-security  -DCHECK_FUNCTION_EXISTS=pthread_create -Wl,--exclude-libs,libgcc.a -Wl,--exclude-libs,libgcc_real.a -Wl,--exclude-libs,libatomic.a -Wl,--build-id -Wl,--fatal-warnings -Wl,--no-undefined -Qunused-arguments -Wl,--gc-sections   CMakeFiles/cmTC_4724b.dir/CheckFunctionExists.c.o -o cmTC_4724b  -lpthread -latomic -lm 
/Users/geerttrooskens/dev/android-ndk-r21b/toolchains/llvm/prebuilt/darwin-x86_64/lib/gcc/aarch64-linux-android/4.9.x/../../../../aarch64-linux-android/bin/ld: cannot find -lpthread
clang: error: linker command failed with exit code 1 (use -v to see invocation)
make[1]: *** [cmTC_4724b] Error 1
make: *** [cmTC_4724b/fast] Error 2



Performing C++ SOURCE FILE Test COMPILER_SUPPORT_Wlogicalop failed with the following output:
Change Dir: /Users/geerttrooskens/dev/src/runevm_fl/android/build-android-rel-arm64-v8a/CMakeFiles/CMakeTmp

Run Build Command(s):/usr/bin/make -f Makefile cmTC_56a99/fast && /Applications/Xcode.app/Contents/Developer/usr/bin/make  -f CMakeFiles/cmTC_56a99.dir/build.make CMakeFiles/cmTC_56a99.dir/build
Building CXX object CMakeFiles/cmTC_56a99.dir/src.cxx.o
/Users/geerttrooskens/dev/android-ndk-r21b/toolchains/llvm/prebuilt/darwin-x86_64/bin/clang++ --target=aarch64-none-linux-android21 --gcc-toolchain=/Users/geerttrooskens/dev/android-ndk-r21b/toolchains/llvm/prebuilt/darwin-x86_64 --sysroot=/Users/geerttrooskens/dev/android-ndk-r21b/toolchains/llvm/prebuilt/darwin-x86_64/sysroot -DCOMPILER_SUPPORT_Wlogicalop  -Werror=return-type -std=c++03 -pedantic -Wall -Wextra -Wundef -Wcast-align -Wchar-subscripts -Wnon-virtual-dtor -Wunused-local-typedefs -Wpointer-arith -Wwrite-strings -Wformat-security -Wshorten-64-to-32 -Werror -fPIE   -Wlogical-op -std=gnu++14 -MD -MT CMakeFiles/cmTC_56a99.dir/src.cxx.o -MF CMakeFiles/cmTC_56a99.dir/src.cxx.o.d -o CMakeFiles/cmTC_56a99.dir/src.cxx.o -c /Users/geerttrooskens/dev/src/runevm_fl/android/build-android-rel-arm64-v8a/CMakeFiles/CMakeTmp/src.cxx
error: unknown warning option '-Wlogical-op'; did you mean '-Wlong-long'? [-Werror,-Wunknown-warning-option]
make[1]: *** [CMakeFiles/cmTC_56a99.dir/src.cxx.o] Error 1
make: *** [cmTC_56a99/fast] Error 2


Source file was:
int main() { return 0; }
Performing C++ SOURCE FILE Test COMPILER_SUPPORT_Wnopsabi failed with the following output:
Change Dir: /Users/geerttrooskens/dev/src/runevm_fl/android/build-android-rel-arm64-v8a/CMakeFiles/CMakeTmp

Run Build Command(s):/usr/bin/make -f Makefile cmTC_b368f/fast && /Applications/Xcode.app/Contents/Developer/usr/bin/make  -f CMakeFiles/cmTC_b368f.dir/build.make CMakeFiles/cmTC_b368f.dir/build
Building CXX object CMakeFiles/cmTC_b368f.dir/src.cxx.o
/Users/geerttrooskens/dev/android-ndk-r21b/toolchains/llvm/prebuilt/darwin-x86_64/bin/clang++ --target=aarch64-none-linux-android21 --gcc-toolchain=/Users/geerttrooskens/dev/android-ndk-r21b/toolchains/llvm/prebuilt/darwin-x86_64 --sysroot=/Users/geerttrooskens/dev/android-ndk-r21b/toolchains/llvm/prebuilt/darwin-x86_64/sysroot -DCOMPILER_SUPPORT_Wnopsabi  -Werror=return-type -std=c++03 -pedantic -Wall -Wextra -Wundef -Wcast-align -Wchar-subscripts -Wnon-virtual-dtor -Wunused-local-typedefs -Wpointer-arith -Wwrite-strings -Wformat-security -Wshorten-64-to-32 -Wenum-conversion -Wc++11-extensions -Wdouble-promotion -Wshadow -Werror -fPIE   -Wno-psabi -std=gnu++14 -MD -MT CMakeFiles/cmTC_b368f.dir/src.cxx.o -MF CMakeFiles/cmTC_b368f.dir/src.cxx.o.d -o CMakeFiles/cmTC_b368f.dir/src.cxx.o -c /Users/geerttrooskens/dev/src/runevm_fl/android/build-android-rel-arm64-v8a/CMakeFiles/CMakeTmp/src.cxx
error: unknown warning option '-Wno-psabi' [-Werror,-Wunknown-warning-option]
make[1]: *** [CMakeFiles/cmTC_b368f.dir/src.cxx.o] Error 1
make: *** [cmTC_b368f/fast] Error 2


Source file was:
int main() { return 0; }
Performing C++ SOURCE FILE Test COMPILER_SUPPORT_wd981 failed with the following output:
Change Dir: /Users/geerttrooskens/dev/src/runevm_fl/android/build-android-rel-arm64-v8a/CMakeFiles/CMakeTmp

Run Build Command(s):/usr/bin/make -f Makefile cmTC_76220/fast && /Applications/Xcode.app/Contents/Developer/usr/bin/make  -f CMakeFiles/cmTC_76220.dir/build.make CMakeFiles/cmTC_76220.dir/build
Building CXX object CMakeFiles/cmTC_76220.dir/src.cxx.o
/Users/geerttrooskens/dev/android-ndk-r21b/toolchains/llvm/prebuilt/darwin-x86_64/bin/clang++ --target=aarch64-none-linux-android21 --gcc-toolchain=/Users/geerttrooskens/dev/android-ndk-r21b/toolchains/llvm/prebuilt/darwin-x86_64 --sysroot=/Users/geerttrooskens/dev/android-ndk-r21b/toolchains/llvm/prebuilt/darwin-x86_64/sysroot -DCOMPILER_SUPPORT_wd981  -Werror=return-type -std=c++03 -pedantic -Wall -Wextra -Wundef -Wcast-align -Wchar-subscripts -Wnon-virtual-dtor -Wunused-local-typedefs -Wpointer-arith -Wwrite-strings -Wformat-security -Wshorten-64-to-32 -Wenum-conversion -Wc++11-extensions -Wdouble-promotion -Wshadow -Wno-variadic-macros -Wno-long-long -fno-check-new -fno-common -fstrict-aliasing -Werror -fPIE   -wd981 -std=gnu++14 -MD -MT CMakeFiles/cmTC_76220.dir/src.cxx.o -MF CMakeFiles/cmTC_76220.dir/src.cxx.o.d -o CMakeFiles/cmTC_76220.dir/src.cxx.o -c /Users/geerttrooskens/dev/src/runevm_fl/android/build-android-rel-arm64-v8a/CMakeFiles/CMakeTmp/src.cxx
clang++: error: unknown argument: '-wd981'
make[1]: *** [CMakeFiles/cmTC_76220.dir/src.cxx.o] Error 1
make: *** [cmTC_76220/fast] Error 2


Source file was:
int main() { return 0; }
Performing C++ SOURCE FILE Test COMPILER_SUPPORT_wd2304 failed with the following output:
Change Dir: /Users/geerttrooskens/dev/src/runevm_fl/android/build-android-rel-arm64-v8a/CMakeFiles/CMakeTmp

Run Build Command(s):/usr/bin/make -f Makefile cmTC_4515c/fast && /Applications/Xcode.app/Contents/Developer/usr/bin/make  -f CMakeFiles/cmTC_4515c.dir/build.make CMakeFiles/cmTC_4515c.dir/build
Building CXX object CMakeFiles/cmTC_4515c.dir/src.cxx.o
/Users/geerttrooskens/dev/android-ndk-r21b/toolchains/llvm/prebuilt/darwin-x86_64/bin/clang++ --target=aarch64-none-linux-android21 --gcc-toolchain=/Users/geerttrooskens/dev/android-ndk-r21b/toolchains/llvm/prebuilt/darwin-x86_64 --sysroot=/Users/geerttrooskens/dev/android-ndk-r21b/toolchains/llvm/prebuilt/darwin-x86_64/sysroot -DCOMPILER_SUPPORT_wd2304  -Werror=return-type -std=c++03 -pedantic -Wall -Wextra -Wundef -Wcast-align -Wchar-subscripts -Wnon-virtual-dtor -Wunused-local-typedefs -Wpointer-arith -Wwrite-strings -Wformat-security -Wshorten-64-to-32 -Wenum-conversion -Wc++11-extensions -Wdouble-promotion -Wshadow -Wno-variadic-macros -Wno-long-long -fno-check-new -fno-common -fstrict-aliasing -Werror -fPIE   -wd2304 -std=gnu++14 -MD -MT CMakeFiles/cmTC_4515c.dir/src.cxx.o -MF CMakeFiles/cmTC_4515c.dir/src.cxx.o.d -o CMakeFiles/cmTC_4515c.dir/src.cxx.o -c /Users/geerttrooskens/dev/src/runevm_fl/android/build-android-rel-arm64-v8a/CMakeFiles/CMakeTmp/src.cxx
clang++: error: unknown argument: '-wd2304'
make[1]: *** [CMakeFiles/cmTC_4515c.dir/src.cxx.o] Error 1
make: *** [cmTC_4515c/fast] Error 2


Source file was:
int main() { return 0; }
Performing C++ SOURCE FILE Test COMPILER_SUPPORT_STRICTANSI failed with the following output:
Change Dir: /Users/geerttrooskens/dev/src/runevm_fl/android/build-android-rel-arm64-v8a/CMakeFiles/CMakeTmp

Run Build Command(s):/usr/bin/make -f Makefile cmTC_255ea/fast && /Applications/Xcode.app/Contents/Developer/usr/bin/make  -f CMakeFiles/cmTC_255ea.dir/build.make CMakeFiles/cmTC_255ea.dir/build
Building CXX object CMakeFiles/cmTC_255ea.dir/src.cxx.o
/Users/geerttrooskens/dev/android-ndk-r21b/toolchains/llvm/prebuilt/darwin-x86_64/bin/clang++ --target=aarch64-none-linux-android21 --gcc-toolchain=/Users/geerttrooskens/dev/android-ndk-r21b/toolchains/llvm/prebuilt/darwin-x86_64 --sysroot=/Users/geerttrooskens/dev/android-ndk-r21b/toolchains/llvm/prebuilt/darwin-x86_64/sysroot -DCOMPILER_SUPPORT_STRICTANSI  -Werror=return-type -std=c++03 -pedantic -Wall -Wextra -Wundef -Wcast-align -Wchar-subscripts -Wnon-virtual-dtor -Wunused-local-typedefs -Wpointer-arith -Wwrite-strings -Wformat-security -Wshorten-64-to-32 -Wenum-conversion -Wc++11-extensions -Wdouble-promotion -Wshadow -Wno-variadic-macros -Wno-long-long -fno-check-new -fno-common -fstrict-aliasing -Werror -fPIE   -strict-ansi -std=gnu++14 -MD -MT CMakeFiles/cmTC_255ea.dir/src.cxx.o -MF CMakeFiles/cmTC_255ea.dir/src.cxx.o.d -o CMakeFiles/cmTC_255ea.dir/src.cxx.o -c /Users/geerttrooskens/dev/src/runevm_fl/android/build-android-rel-arm64-v8a/CMakeFiles/CMakeTmp/src.cxx
clang++: error: unknown argument: '-strict-ansi'
make[1]: *** [CMakeFiles/cmTC_255ea.dir/src.cxx.o] Error 1
make: *** [cmTC_255ea/fast] Error 2


Source file was:
int main() { return 0; }
Checking whether the ASM compiler is GNU using "--version" did not match "(GNU assembler)|(GCC)|(Free Software Foundation)":
Android (6317467 based on r365631c1) clang version 9.0.8 (https://android.googlesource.com/toolchain/llvm-project e0caee08e5f09b374a27a676d04978c81fcb1928) (based on LLVM 9.0.8svn)
Target: x86_64-apple-darwin20.2.0
Thread model: posix
InstalledDir: /Users/geerttrooskens/dev/android-ndk-r21b/toolchains/llvm/prebuilt/darwin-x86_64/bin
